  doorDet.cpp
d:\deepc\deepception\simple_detection\simple_detection\utilities.h(5): fatal error C1083: Cannot open include file: 'opencv2/core.hpp': No such file or directory
  cvtrack.cpp
d:\deepc\deepception\simple_detection\simple_detection\cvtrack.cpp(26): fatal error C1083: Cannot open include file: 'opencv/cv.h': No such file or directory
  cvlabel.cpp
d:\deepc\deepception\simple_detection\simple_detection\cvlabel.cpp(25): fatal error C1083: Cannot open include file: 'opencv/cv.h': No such file or directory
  cvcontour.cpp
d:\deepc\deepception\simple_detection\simple_detection\cvcontour.cpp(32): fatal error C1083: Cannot open include file: 'opencv/cv.h': No such file or directory
  cvcolor.cpp
d:\deepc\deepception\simple_detection\simple_detection\cvcolor.cpp(25): fatal error C1083: Cannot open include file: 'opencv/cv.h': No such file or directory
  cvblob.cpp
d:\deepc\deepception\simple_detection\simple_detection\cvblob.cpp(25): fatal error C1083: Cannot open include file: 'opencv/cv.h': No such file or directory
  cvaux.cpp
d:\deepc\deepception\simple_detection\simple_detection\cvaux.cpp(23): fatal error C1083: Cannot open include file: 'opencv/cv.h': No such file or directory
  backgroundDiff.cpp
d:\deepc\deepception\simple_detection\simple_detection\cv_yuv_codebook.h(205): fatal error C1083: Cannot open include file: 'opencv2/core/core.hpp': No such file or directory
  Utilities.cpp
d:\deepc\deepception\simple_detection\simple_detection\utilities.cpp(5): fatal error C1083: Cannot open include file: 'opencv2/core.hpp': No such file or directory
  Main.cpp
d:\deepc\deepception\simple_detection\simple_detection\main.cpp(1): fatal error C1083: Cannot open include file: 'opencv2/core/core.hpp': No such file or directory
  Kalman.cpp
d:\deepc\deepception\simple_detection\simple_detection\kalman.h(2): fatal error C1083: Cannot open include file: 'opencv2/opencv.hpp': No such file or directory
  FindBlob.cpp
d:\deepc\deepception\simple_detection\simple_detection\findblob.cpp(1): fatal error C1083: Cannot open include file: 'opencv2/core/core.hpp': No such file or directory
  Detector.cpp
d:\deepc\deepception\simple_detection\simple_detection\detector.h(2): fatal error C1083: Cannot open include file: 'opencv2/opencv.hpp': No such file or directory
  Ctracker.cpp
d:\deepc\deepception\simple_detection\simple_detection\kalman.h(2): fatal error C1083: Cannot open include file: 'opencv2/opencv.hpp': No such file or directory
  BlobProcess.cpp
d:\deepc\deepception\simple_detection\simple_detection\cv_yuv_codebook.h(205): fatal error C1083: Cannot open include file: 'opencv2/core/core.hpp': No such file or directory
  BackgroundSubtract.cpp
d:\deepc\deepception\simple_detection\simple_detection\opencvinclude.h(4): fatal error C1083: Cannot open include file: 'opencv2/core/core.hpp': No such file or directory
  AvgBackground.cpp
d:\deepc\deepception\simple_detection\simple_detection\avgbackground.h(27): fatal error C1083: Cannot open include file: 'opencv2/core/core.hpp': No such file or directory
  Generating Code...
